/home/dm1/miniconda3/envs/opencv1/lib/python3.6/site-packages/tensorflow/python/framework/dtypes.py:516: FutureWarning: Passing (type, 1) or '1type' as a synonym of type is deprecated; in a future version of numpy, it will be understood as (type, (1,)) / '(1,)type'.
  _np_qint8 = np.dtype([("qint8", np.int8, 1)])
/home/dm1/miniconda3/envs/opencv1/lib/python3.6/site-packages/tensorflow/python/framework/dtypes.py:517: FutureWarning: Passing (type, 1) or '1type' as a synonym of type is deprecated; in a future version of numpy, it will be understood as (type, (1,)) / '(1,)type'.
  _np_quint8 = np.dtype([("quint8", np.uint8, 1)])
/home/dm1/miniconda3/envs/opencv1/lib/python3.6/site-packages/tensorflow/python/framework/dtypes.py:518: FutureWarning: Passing (type, 1) or '1type' as a synonym of type is deprecated; in a future version of numpy, it will be understood as (type, (1,)) / '(1,)type'.
  _np_qint16 = np.dtype([("qint16", np.int16, 1)])
/home/dm1/miniconda3/envs/opencv1/lib/python3.6/site-packages/tensorflow/python/framework/dtypes.py:519: FutureWarning: Passing (type, 1) or '1type' as a synonym of type is deprecated; in a future version of numpy, it will be understood as (type, (1,)) / '(1,)type'.
  _np_quint16 = np.dtype([("quint16", np.uint16, 1)])
/home/dm1/miniconda3/envs/opencv1/lib/python3.6/site-packages/tensorflow/python/framework/dtypes.py:520: FutureWarning: Passing (type, 1) or '1type' as a synonym of type is deprecated; in a future version of numpy, it will be understood as (type, (1,)) / '(1,)type'.
  _np_qint32 = np.dtype([("qint32", np.int32, 1)])
/home/dm1/miniconda3/envs/opencv1/lib/python3.6/site-packages/tensorflow/python/framework/dtypes.py:525: FutureWarning: Passing (type, 1) or '1type' as a synonym of type is deprecated; in a future version of numpy, it will be understood as (type, (1,)) / '(1,)type'.
  np_resource = np.dtype([("resource", np.ubyte, 1)])
/home/dm1/miniconda3/envs/opencv1/lib/python3.6/site-packages/tensorboard/compat/tensorflow_stub/dtypes.py:541: FutureWarning: Passing (type, 1) or '1type' as a synonym of type is deprecated; in a future version of numpy, it will be understood as (type, (1,)) / '(1,)type'.
  _np_qint8 = np.dtype([("qint8", np.int8, 1)])
/home/dm1/miniconda3/envs/opencv1/lib/python3.6/site-packages/tensorboard/compat/tensorflow_stub/dtypes.py:542: FutureWarning: Passing (type, 1) or '1type' as a synonym of type is deprecated; in a future version of numpy, it will be understood as (type, (1,)) / '(1,)type'.
  _np_quint8 = np.dtype([("quint8", np.uint8, 1)])
/home/dm1/miniconda3/envs/opencv1/lib/python3.6/site-packages/tensorboard/compat/tensorflow_stub/dtypes.py:543: FutureWarning: Passing (type, 1) or '1type' as a synonym of type is deprecated; in a future version of numpy, it will be understood as (type, (1,)) / '(1,)type'.
  _np_qint16 = np.dtype([("qint16", np.int16, 1)])
/home/dm1/miniconda3/envs/opencv1/lib/python3.6/site-packages/tensorboard/compat/tensorflow_stub/dtypes.py:544: FutureWarning: Passing (type, 1) or '1type' as a synonym of type is deprecated; in a future version of numpy, it will be understood as (type, (1,)) / '(1,)type'.
  _np_quint16 = np.dtype([("quint16", np.uint16, 1)])
/home/dm1/miniconda3/envs/opencv1/lib/python3.6/site-packages/tensorboard/compat/tensorflow_stub/dtypes.py:545: FutureWarning: Passing (type, 1) or '1type' as a synonym of type is deprecated; in a future version of numpy, it will be understood as (type, (1,)) / '(1,)type'.
  _np_qint32 = np.dtype([("qint32", np.int32, 1)])
/home/dm1/miniconda3/envs/opencv1/lib/python3.6/site-packages/tensorboard/compat/tensorflow_stub/dtypes.py:550: FutureWarning: Passing (type, 1) or '1type' as a synonym of type is deprecated; in a future version of numpy, it will be understood as (type, (1,)) / '(1,)type'.
  np_resource = np.dtype([("resource", np.ubyte, 1)])
OpenCV is built with OpenMP support. This usually results in poor performance. For details, see https://github.com/tensorpack/benchmarks/blob/master/ImageNet/benchmark-opencv-resize.py
/home/dm1/shikhar/hover_net_modified/src
/home/dm1/shikhar/hover_net_modified/src/../MoNuSAC_processed/Images/
TCGA-55-1594-01Z-00-DX1_001.png
TCGA-55-1594-01Z-00-DX1_002.png
TCGA-55-1594-01Z-00-DX1_003.png
TCGA-55-1594-01Z-00-DX1_004.png
TCGA-55-1594-01Z-00-DX1_005.png
TCGA-5P-A9K0-01Z-00-DX1_1.png
TCGA-5P-A9K0-01Z-00-DX1_2.png
TCGA-5P-A9K0-01Z-00-DX1_3.png
TCGA-69-7760-01Z-00-DX1_001.png
TCGA-69-7760-01Z-00-DX1_002.png
TCGA-69-7760-01Z-00-DX1_003.png
TCGA-69-7760-01Z-00-DX1_004.png
TCGA-69-A59K-01Z-00-DX1_001.png
TCGA-69-A59K-01Z-00-DX1_002.png
TCGA-69-A59K-01Z-00-DX1_003.png
TCGA-69-A59K-01Z-00-DX1_004.png
TCGA-73-4668-01Z-00-DX1_001.png
TCGA-73-4668-01Z-00-DX1_002.png
TCGA-73-4668-01Z-00-DX1_003.png
TCGA-73-4668-01Z-00-DX1_004.png
TCGA-78-7220-01Z-00-DX1_001.png
TCGA-78-7220-01Z-00-DX1_002.png
TCGA-78-7220-01Z-00-DX1_003.png
TCGA-78-7220-01Z-00-DX1_004.png
TCGA-86-7713-01Z-00-DX1_001.png
TCGA-86-7713-01Z-00-DX1_002.png
TCGA-86-7713-01Z-00-DX1_003.png
TCGA-86-7713-01Z-00-DX1_004.png
TCGA-86-8672-01Z-00-DX1_1.png
TCGA-86-8672-01Z-00-DX1_2.png
TCGA-86-8672-01Z-00-DX1_3.png
TCGA-A2-A0CV-01Z-00-DX1_1.png
TCGA-A2-A0CV-01Z-00-DX1_2.png
TCGA-A2-A0CV-01Z-00-DX1_3.png
TCGA-A2-A0CV-01Z-00-DX1_4.png
TCGA-A2-A0CV-01Z-00-DX1_5.png
TCGA-A2-A0ES-01Z-00-DX1_1.png
TCGA-A2-A0ES-01Z-00-DX1_2.png
TCGA-A2-A0ES-01Z-00-DX1_3.png
TCGA-A2-A0ES-01Z-00-DX1_4.png
TCGA-A2-A0ES-01Z-00-DX1_5.png
TCGA-B6-A0WZ-01Z-00-DX1_1.png
TCGA-B6-A0WZ-01Z-00-DX1_2.png
TCGA-B6-A0WZ-01Z-00-DX1_3.png
TCGA-B6-A0WZ-01Z-00-DX1_4.png
TCGA-B6-A0WZ-01Z-00-DX1_5.png
TCGA-B6-A0WZ-01Z-00-DX1_6.png
TCGA-B9-A44B-01Z-00-DX1_1.png
TCGA-B9-A44B-01Z-00-DX1_2.png
TCGA-B9-A44B-01Z-00-DX1_3.png
TCGA-B9-A8YI-01Z-00-DX1_1.png
TCGA-B9-A8YI-01Z-00-DX1_2.png
TCGA-B9-A8YI-01Z-00-DX1_3.png
TCGA-B9-A8YI-01Z-00-DX1_4.png
TCGA-B9-A8YI-01Z-00-DX1_5.png
TCGA-BH-A18T-01Z-00-DX1_1.png
TCGA-BH-A18T-01Z-00-DX1_2.png
TCGA-BH-A18T-01Z-00-DX1_3.png
TCGA-BH-A18T-01Z-00-DX1_4.png
TCGA-BH-A18T-01Z-00-DX1_5.png
TCGA-BH-A18T-01Z-00-DX1_6.png
TCGA-D8-A1X5-01Z-00-DX2_1.png
TCGA-D8-A1X5-01Z-00-DX2_2.png
TCGA-D8-A1X5-01Z-00-DX2_3.png
TCGA-D8-A1X5-01Z-00-DX2_4.png
TCGA-DW-7841-01Z-00-DX1_1.png
TCGA-DW-7841-01Z-00-DX1_2.png
TCGA-DW-7841-01Z-00-DX1_3.png
TCGA-E2-A154-01Z-00-DX1_1.png
TCGA-E2-A154-01Z-00-DX1_2.png
TCGA-E2-A154-01Z-00-DX1_3.png
TCGA-E2-A154-01Z-00-DX1_4.png
TCGA-E2-A154-01Z-00-DX1_5.png
TCGA-E2-A154-01Z-00-DX1_6.png
TCGA-E2-A154-01Z-00-DX1_7.png
TCGA-E2-A154-01Z-00-DX1_8.png
TCGA-E9-A22B-01Z-00-DX1_1.png
TCGA-E9-A22B-01Z-00-DX1_2.png
TCGA-E9-A22B-01Z-00-DX1_3.png
TCGA-E9-A22B-01Z-00-DX1_4.png
TCGA-E9-A22B-01Z-00-DX1_5.png
TCGA-E9-A22B-01Z-00-DX1_6.png
TCGA-E9-A22B-01Z-00-DX1_7.png
TCGA-E9-A22B-01Z-00-DX1_8.png
TCGA-E9-A22G-01Z-00-DX1_1.png
TCGA-E9-A22G-01Z-00-DX1_2.png
TCGA-E9-A22G-01Z-00-DX1_3.png
TCGA-E9-A22G-01Z-00-DX1_4.png
TCGA-E9-A22G-01Z-00-DX1_5.png
TCGA-EJ-5495-01Z-00-DX1-1.png
TCGA-EJ-5495-01Z-00-DX1-2.png
TCGA-EJ-5495-01Z-00-DX1-3.png
TCGA-EJ-5495-01Z-00-DX1-4.png
TCGA-EJ-5505-01Z-00-DX1-1.png
TCGA-EJ-5505-01Z-00-DX1-2.png
TCGA-EJ-5505-01Z-00-DX1-3.png
TCGA-EJ-5505-01Z-00-DX1-4.png
TCGA-EJ-5505-01Z-00-DX1-5.png
TCGA-EJ-5505-01Z-00-DX1-6.png
TCGA-EJ-5517-01Z-00-DX1-1.png
TCGA-EJ-5517-01Z-00-DX1-2.png
TCGA-EJ-5517-01Z-00-DX1-3.png
TCGA-EJ-5517-01Z-00-DX1-4.png
TCGA-EV-5903-01Z-00-DX1_1.png
TCGA-EV-5903-01Z-00-DX1_2.png
TCGA-EV-5903-01Z-00-DX1_3.png
TCGA-EV-5903-01Z-00-DX1_4.png
TCGA-EV-5903-01Z-00-DX1_5.png
TCGA-EW-A6SD-01Z-00-DX1_1.png
TCGA-EW-A6SD-01Z-00-DX1_2.png
TCGA-EW-A6SD-01Z-00-DX1_3.png
TCGA-EW-A6SD-01Z-00-DX1_4.png
TCGA-EW-A6SD-01Z-00-DX1_5.png
TCGA-F9-A97G-01Z-00-DX1_1.png
TCGA-F9-A97G-01Z-00-DX1_2.png
TCGA-F9-A97G-01Z-00-DX1_3.png
TCGA-F9-A97G-01Z-00-DX1_4.png
TCGA-G7-A8LD-01Z-00-DX1_1.png
TCGA-G7-A8LD-01Z-00-DX1_10.png
TCGA-G7-A8LD-01Z-00-DX1_2.png
TCGA-G7-A8LD-01Z-00-DX1_3.png
TCGA-G7-A8LD-01Z-00-DX1_4.png
TCGA-G7-A8LD-01Z-00-DX1_5.png
TCGA-G7-A8LD-01Z-00-DX1_6.png
TCGA-G7-A8LD-01Z-00-DX1_7.png
TCGA-G7-A8LD-01Z-00-DX1_8.png
TCGA-G7-A8LD-01Z-00-DX1_9.png
TCGA-G9-6342-01Z-00-DX1-1.png
TCGA-G9-6342-01Z-00-DX1-2.png
TCGA-G9-6499-01Z-00-DX1-1.png
TCGA-G9-6499-01Z-00-DX1-2.png
TCGA-G9-6499-01Z-00-DX1-3.png
TCGA-G9-6499-01Z-00-DX1-4.png
TCGA-G9-6499-01Z-00-DX1-5.png
TCGA-J4-A67Q-01Z-00-DX1-1.png
TCGA-J4-A67Q-01Z-00-DX1-2.png
TCGA-J4-A67Q-01Z-00-DX1-3.png
TCGA-J4-A67Q-01Z-00-DX1-4.png
TCGA-J4-A67Q-01Z-00-DX1-5.png
TCGA-J4-A67T-01Z-00-DX1-1.png
TCGA-J4-A67T-01Z-00-DX1-2.png
TCGA-J4-A67T-01Z-00-DX1-3.png
TCGA-J4-A67T-01Z-00-DX1-4.png
TCGA-J4-A67T-01Z-00-DX1-5.png
TCGA-J4-A67T-01Z-00-DX1-6.png
TCGA-KK-A59X-01Z-00-DX1-1.png
TCGA-KK-A59X-01Z-00-DX1-2.png
TCGA-KK-A59X-01Z-00-DX1-3.png
TCGA-KK-A6E0-01Z-00-DX1-1.png
TCGA-KK-A6E0-01Z-00-DX1-2.png
TCGA-KK-A6E0-01Z-00-DX1-3.png
TCGA-KK-A6E0-01Z-00-DX1-4.png
TCGA-KK-A6E0-01Z-00-DX1-5.png
TCGA-KK-A7AW-01Z-00-DX1-1.png
TCGA-L4-A4E5-01Z-00-DX1_1.png
TCGA-L4-A4E5-01Z-00-DX1_2.png
TCGA-L4-A4E5-01Z-00-DX1_3.png
TCGA-MH-A560-01Z-00-DX2_1.png
TCGA-MH-A560-01Z-00-DX2_2.png
TCGA-MH-A560-01Z-00-DX2_3.png
TCGA-MH-A560-01Z-00-DX2_4.png
TCGA-MP-A4SY-01Z-00-DX1_1.png
TCGA-MP-A4SY-01Z-00-DX1_2.png
TCGA-MP-A4SY-01Z-00-DX1_3.png
TCGA-MP-A4SY-01Z-00-DX1_4.png
TCGA-MP-A4T7-01Z-00-DX1_1.png
TCGA-MP-A4T7-01Z-00-DX1_2.png
TCGA-MP-A4T7-01Z-00-DX1_3.png
TCGA-MP-A4T7-01Z-00-DX1_4.png
TCGA-P4-AAVK-01Z-00-DX1_1.png
TCGA-P4-AAVK-01Z-00-DX1_2.png
TCGA-P4-AAVK-01Z-00-DX1_3.png
TCGA-P4-AAVK-01Z-00-DX1_4.png
TCGA-P4-AAVK-01Z-00-DX1_5.png
TCGA-P4-AAVK-01Z-00-DX1_7.png
TCGA-S3-AA11-01Z-00-DX1_1.png
TCGA-S3-AA11-01Z-00-DX1_2.png
TCGA-S3-AA11-01Z-00-DX1_3.png
TCGA-S3-AA11-01Z-00-DX1_4.png
TCGA-S3-AA11-01Z-00-DX1_5.png
TCGA-S3-AA11-01Z-00-DX1_6.png
TCGA-SX-A7SR-01Z-00-DX1_1.png
TCGA-SX-A7SR-01Z-00-DX1_2.png
TCGA-UZ-A9PO-01Z-00-DX1_1.png
TCGA-UZ-A9PO-01Z-00-DX1_2.png
TCGA-UZ-A9PO-01Z-00-DX1_3.png
TCGA-UZ-A9PO-01Z-00-DX1_4.png
TCGA-UZ-A9PO-01Z-00-DX1_5.png
TCGA-UZ-A9PO-01Z-00-DX1_6.png
TCGA-UZ-A9PO-01Z-00-DX1_7.png
TCGA-UZ-A9PU-01Z-00-DX1_1.png
TCGA-UZ-A9PU-01Z-00-DX1_2.png
TCGA-V1-A8WL-01Z-00-DX1-1.png
TCGA-V1-A8WL-01Z-00-DX1-2.png
TCGA-V1-A8WL-01Z-00-DX1-3.png
TCGA-V1-A9O9-01Z-00-DX1-1.png
TCGA-V1-A9O9-01Z-00-DX1-2.png
TCGA-V1-A9O9-01Z-00-DX1-3.png
TCGA-V1-A9O9-01Z-00-DX1-4.png
TCGA-V1-A9O9-01Z-00-DX1-5.png
TCGA-X4-A8KQ-01Z-00-DX8-1.png
TCGA-X4-A8KQ-01Z-00-DX8-2.png
TCGA-X4-A8KQ-01Z-00-DX8-3.png
TCGA-YL-A9WY-01Z-00-DX1-1.png
TCGA-YL-A9WY-01Z-00-DX1-2.png
TCGA-YL-A9WY-01Z-00-DX1-3.png
TCGA-YL-A9WY-01Z-00-DX1-4.png
TCGA-YL-A9WY-01Z-00-DX1-5.png
